<?xml version="1.0" encoding="UTF-8"?>
<testng-results ignored="0" total="1" passed="1" failed="0" skipped="0">
  <reporter-output>
  </reporter-output>
  <suite started-at="2018-12-27T16:45:48Z" name="Suite" finished-at="2018-12-27T16:46:52Z" duration-ms="63895">
    <groups>
    </groups>
    <test started-at="2018-12-27T16:45:48Z" name="Browser Test" finished-at="2018-12-27T16:46:52Z" duration-ms="63895">
      <class name="com.rp.affordable.testCases.TC_LoginTest_001">
        <test-method is-config="true" signature="setup(java.lang.String)[pri:0, instance:com.rp.affordable.testCases.TC_LoginTest_001@78691363]" started-at="2018-12-27T16:45:49Z" name="setup" finished-at="2018-12-27T16:46:34Z" duration-ms="45491" status="PASS">
          <params>
            <param index="0">
              <value>
                <![CDATA[chrome]]>
              </value>
            </param>
          </params>
          <reporter-output>
          </reporter-output>
        </test-method> <!-- setup -->
        <test-method signature="loginTest()[pri:0, instance:com.rp.affordable.testCases.TC_LoginTest_001@78691363]" started-at="2018-12-27T16:46:34Z" name="loginTest" finished-at="2018-12-27T16:46:46Z" duration-ms="12189" status="PASS">
          <reporter-output>
          </reporter-output>
        </test-method> <!-- loginTest -->
        <test-method is-config="true" signature="tearDown()[pri:0, instance:com.rp.affordable.testCases.TC_LoginTest_001@78691363]" started-at="2018-12-27T16:46:46Z" name="tearDown" finished-at="2018-12-27T16:46:52Z" duration-ms="5683" status="PASS">
          <reporter-output>
          </reporter-output>
        </test-method> <!-- tearDown -->
      </class> <!-- com.rp.affordable.testCases.TC_LoginTest_001 -->
    </test> <!-- Browser Test -->
  </suite> <!-- Suite -->
</testng-results>
